=== AI Model Builder 调试日志 ===
[10:10:16.653] show_chat_panel 被调用
[10:10:16.654] HTML文件路径: C:/Users/23711/AppData/Roaming/Autodesk/Autodesk Fusion 360/API/AddIns/AIModelBuilder/chat_panel.html
[10:10:16.772] 面板创建成功
[10:10:50.168] PaletteHTMLHandler.notify 被调用
[10:10:50.169] action: send_message
[10:10:50.169] 启动处理线程，用户输入: 在坐标0,0,0出创建一个长20mm，宽20mm，高10mm的长方形
[10:10:50.173] ===== process_user_input 开始 =====
[10:10:50.174] 用户输入: 在坐标0,0,0出创建一个长20mm，宽20mm，高10mm的长方形
[10:10:50.176] 用户消息已添加到历史
[10:10:50.176] 准备调用AI API...
[10:10:50.177] 消息数组已构建，包含 4 条消息
[10:10:50.178] AI调用失败 - unknown url type: ''
[10:10:50.186] Traceback (most recent call last):
  File "C:\Users\23711\AppData\Roaming\Autodesk\Autodesk Fusion 360\API\AddIns\AIModelBuilder\modules\ui_handlers.py", line 223, in process_user_input
    ai_reply = call_ai_api(messages)
  File "C:\Users\23711\AppData\Roaming\Autodesk\Autodesk Fusion 360\API\AddIns\AIModelBuilder\modules\ai_client.py", line 23, in call_ai_api
    req = urllib.request.Request(
        API_URL,
    ...<5 lines>...
        method="POST",
    )
  File "C:\Users\23711\AppData\Local\Autodesk\webdeploy\production\4bca736941837d3e42bba21bb36b9891e34b2fce\Python\lib\urllib\request.py", line 290, in __init__
    self.full_url = url
    ^^^^^^^^^^^^^
  File "C:\Users\23711\AppData\Local\Autodesk\webdeploy\production\4bca736941837d3e42bba21bb36b9891e34b2fce\Python\lib\urllib\request.py", line 316, in full_url
    self._parse()
    ~~~~~~~~~~~^^
  File "C:\Users\23711\AppData\Local\Autodesk\webdeploy\production\4bca736941837d3e42bba21bb36b9891e34b2fce\Python\lib\urllib\request.py", line 345, in _parse
    raise ValueError("unknown url type: %r" % self.full_url)
ValueError: unknown url type: ''

[10:10:50.187] ===== send_to_panel 被调用 =====
[10:10:50.187] 数据长度: 42
[10:10:50.188] 数据已写入响应文件
